{"D:\\Projects\\CI_CD\\devops-dashboard\\frontend\\src\\App.js": {"path":"D:\\Projects\\CI_CD\\devops-dashboard\\frontend\\src\\App.js","statementMap":{"0":{"start":{"line":4,"column":2},"end":{"line":9,"column":4}}},"fnMap":{"0":{"name":"App","decl":{"start":{"line":3,"column":9},"end":{"line":3,"column":12}},"loc":{"start":{"line":3,"column":15},"end":{"line":10,"column":1}},"line":3}},"branchMap":{},"s":{"0":1},"f":{"0":1},"b":{},"_coverageSchema":"1a1c01bbd47fc00a2c39e90264f33305004495a9","hash":"6c41fdbb9e4796b4a94de12510bec36019fd98f7"}
,"D:\\Projects\\CI_CD\\devops-dashboard\\frontend\\src\\index.js": {"path":"D:\\Projects\\CI_CD\\devops-dashboard\\frontend\\src\\index.js","statementMap":{"0":{"start":{"line":5,"column":13},"end":{"line":5,"column":65}},"1":{"start":{"line":6,"column":0},"end":{"line":10,"column":2}}},"fnMap":{},"branchMap":{},"s":{"0":0,"1":0},"f":{},"b":{}}
}
